<testsuites id="" name="" tests="75" failures="0" skipped="0" errors="45" time="26.587799999999998">
<testsuite name="main.spec.ts" timestamp="2026-04-26T19:00:45.888Z" hostname="chromium" tests="15" failures="0" skipped="0" time="16.046" errors="0">
<testcase name="GlobalOfficeFinder E2E Tests › homepage loads successfully" classname="main.spec.ts" time="0.685">
</testcase>
<testcase name="GlobalOfficeFinder E2E Tests › search by company name" classname="main.spec.ts" time="1.21">
</testcase>
<testcase name="GlobalOfficeFinder E2E Tests › filter by country" classname="main.spec.ts" time="1.24">
</testcase>
<testcase name="GlobalOfficeFinder E2E Tests › filter by region" classname="main.spec.ts" time="1.185">
</testcase>
<testcase name="GlobalOfficeFinder E2E Tests › navigate to company detail page" classname="main.spec.ts" time="1.229">
</testcase>
<testcase name="GlobalOfficeFinder E2E Tests › navigate to country page" classname="main.spec.ts" time="1.244">
</testcase>
<testcase name="GlobalOfficeFinder E2E Tests › map view displays on homepage" classname="main.spec.ts" time="1.234">
</testcase>
<testcase name="GlobalOfficeFinder E2E Tests › responsive design - mobile viewport" classname="main.spec.ts" time="1.178">
</testcase>
<testcase name="GlobalOfficeFinder E2E Tests › responsive design - tablet viewport" classname="main.spec.ts" time="1.244">
</testcase>
<testcase name="GlobalOfficeFinder E2E Tests › search clears and resets" classname="main.spec.ts" time="1.197">
</testcase>
<testcase name="GlobalOfficeFinder E2E Tests › can navigate between pages using breadcrumbs or back" classname="main.spec.ts" time="1.204">
</testcase>
<testcase name="Accessibility Tests › homepage has no accessibility violations" classname="main.spec.ts" time="1.586">
</testcase>
<testcase name="Accessibility Tests › homepage is keyboard navigable" classname="main.spec.ts" time="0.175">
</testcase>
<testcase name="Accessibility Tests › all links have accessible names" classname="main.spec.ts" time="1.282">
</testcase>
<testcase name="Accessibility Tests › form inputs have associated labels" classname="main.spec.ts" time="0.153">
</testcase>
</testsuite>
<testsuite name="main.spec.ts" timestamp="2026-04-26T19:00:45.888Z" hostname="firefox" tests="15" failures="0" skipped="0" time="0.031" errors="15">
<testcase name="GlobalOfficeFinder E2E Tests › homepage loads successfully" classname="main.spec.ts" time="0.002">
<system-out>
<![CDATA[
[[ATTACHMENT|test-results/main-GlobalOfficeFinder-E2-98de8-homepage-loads-successfully-firefox/error-context.md]]

[[ATTACHMENT|test-results/main-GlobalOfficeFinder-E2-98de8-homepage-loads-successfully-firefox-retry1/error-context.md]]

[[ATTACHMENT|test-results/main-GlobalOfficeFinder-E2-98de8-homepage-loads-successfully-firefox-retry1/trace.zip]]
]]>
</system-out>
<error message="browserType.launch: Executable doesn&apos;t exist at /Users/lukaszozog/Library/Caches/ms-playwright/firefox-1511/firefox/Nightly.app/Contents/MacOS/firefox" type="Error">
<![CDATA[  [firefox] › main.spec.ts:5:3 › GlobalOfficeFinder E2E Tests › homepage loads successfully ────────

    Error: browserType.launch: Executable doesn't exist at /Users/lukaszozog/Library/Caches/ms-playwright/firefox-1511/firefox/Nightly.app/Contents/MacOS/firefox
    ╔════════════════════════════════════════════════════════════╗
    ║ Looks like Playwright was just installed or updated.       ║
    ║ Please run the following command to download new browsers: ║
    ║                                                            ║
    ║     npx playwright install                                 ║
    ║                                                            ║
    ║ <3 Playwright Team                                         ║
    ╚════════════════════════════════════════════════════════════╝

    Error Context: ../test-results/main-GlobalOfficeFinder-E2-98de8-homepage-loads-successfully-firefox/error-context.md

    Retry #1 ───────────────────────────────────────────────────────────────────────────────────────

    Error: browserType.launch: Executable doesn't exist at /Users/lukaszozog/Library/Caches/ms-playwright/firefox-1511/firefox/Nightly.app/Contents/MacOS/firefox
    ╔════════════════════════════════════════════════════════════╗
    ║ Looks like Playwright was just installed or updated.       ║
    ║ Please run the following command to download new browsers: ║
    ║                                                            ║
    ║     npx playwright install                                 ║
    ║                                                            ║
    ║ <3 Playwright Team                                         ║
    ╚════════════════════════════════════════════════════════════╝

    Error Context: ../test-results/main-GlobalOfficeFinder-E2-98de8-homepage-loads-successfully-firefox-retry1/error-context.md

    attachment #2: trace (application/zip) ─────────────────────────────────────────────────────────
    ../test-results/main-GlobalOfficeFinder-E2-98de8-homepage-loads-successfully-firefox-retry1/trace.zip
    Usage:

        npx playwright show-trace ../test-results/main-GlobalOfficeFinder-E2-98de8-homepage-loads-successfully-firefox-retry1/trace.zip

    ────────────────────────────────────────────────────────────────────────────────────────────────
]]>
</error>
</testcase>
<testcase name="GlobalOfficeFinder E2E Tests › search by company name" classname="main.spec.ts" time="0.003">
<system-out>
<![CDATA[
[[ATTACHMENT|test-results/main-GlobalOfficeFinder-E2E-Tests-search-by-company-name-firefox/error-context.md]]

[[ATTACHMENT|test-results/main-GlobalOfficeFinder-E2E-Tests-search-by-company-name-firefox-retry1/error-context.md]]

[[ATTACHMENT|test-results/main-GlobalOfficeFinder-E2E-Tests-search-by-company-name-firefox-retry1/trace.zip]]
]]>
</system-out>
<error message="browserType.launch: Executable doesn&apos;t exist at /Users/lukaszozog/Library/Caches/ms-playwright/firefox-1511/firefox/Nightly.app/Contents/MacOS/firefox" type="Error">
<![CDATA[  [firefox] › main.spec.ts:16:3 › GlobalOfficeFinder E2E Tests › search by company name ────────────

    Error: browserType.launch: Executable doesn't exist at /Users/lukaszozog/Library/Caches/ms-playwright/firefox-1511/firefox/Nightly.app/Contents/MacOS/firefox
    ╔════════════════════════════════════════════════════════════╗
    ║ Looks like Playwright was just installed or updated.       ║
    ║ Please run the following command to download new browsers: ║
    ║                                                            ║
    ║     npx playwright install                                 ║
    ║                                                            ║
    ║ <3 Playwright Team                                         ║
    ╚════════════════════════════════════════════════════════════╝

    Error Context: ../test-results/main-GlobalOfficeFinder-E2E-Tests-search-by-company-name-firefox/error-context.md

    Retry #1 ───────────────────────────────────────────────────────────────────────────────────────

    Error: browserType.launch: Executable doesn't exist at /Users/lukaszozog/Library/Caches/ms-playwright/firefox-1511/firefox/Nightly.app/Contents/MacOS/firefox
    ╔════════════════════════════════════════════════════════════╗
    ║ Looks like Playwright was just installed or updated.       ║
    ║ Please run the following command to download new browsers: ║
    ║                                                            ║
    ║     npx playwright install                                 ║
    ║                                                            ║
    ║ <3 Playwright Team                                         ║
    ╚════════════════════════════════════════════════════════════╝

    Error Context: ../test-results/main-GlobalOfficeFinder-E2E-Tests-search-by-company-name-firefox-retry1/error-context.md

    attachment #2: trace (application/zip) ─────────────────────────────────────────────────────────
    ../test-results/main-GlobalOfficeFinder-E2E-Tests-search-by-company-name-firefox-retry1/trace.zip
    Usage:

        npx playwright show-trace ../test-results/main-GlobalOfficeFinder-E2E-Tests-search-by-company-name-firefox-retry1/trace.zip

    ────────────────────────────────────────────────────────────────────────────────────────────────
]]>
</error>
</testcase>
<testcase name="GlobalOfficeFinder E2E Tests › filter by country" classname="main.spec.ts" time="0.002">
<system-out>
<![CDATA[
[[ATTACHMENT|test-results/main-GlobalOfficeFinder-E2E-Tests-filter-by-country-firefox/error-context.md]]

[[ATTACHMENT|test-results/main-GlobalOfficeFinder-E2E-Tests-filter-by-country-firefox-retry1/error-context.md]]

[[ATTACHMENT|test-results/main-GlobalOfficeFinder-E2E-Tests-filter-by-country-firefox-retry1/trace.zip]]
]]>
</system-out>
<error message="browserType.launch: Executable doesn&apos;t exist at /Users/lukaszozog/Library/Caches/ms-playwright/firefox-1511/firefox/Nightly.app/Contents/MacOS/firefox" type="Error">
<![CDATA[  [firefox] › main.spec.ts:34:3 › GlobalOfficeFinder E2E Tests › filter by country ─────────────────

    Error: browserType.launch: Executable doesn't exist at /Users/lukaszozog/Library/Caches/ms-playwright/firefox-1511/firefox/Nightly.app/Contents/MacOS/firefox
    ╔════════════════════════════════════════════════════════════╗
    ║ Looks like Playwright was just installed or updated.       ║
    ║ Please run the following command to download new browsers: ║
    ║                                                            ║
    ║     npx playwright install                                 ║
    ║                                                            ║
    ║ <3 Playwright Team                                         ║
    ╚════════════════════════════════════════════════════════════╝

    Error Context: ../test-results/main-GlobalOfficeFinder-E2E-Tests-filter-by-country-firefox/error-context.md

    Retry #1 ───────────────────────────────────────────────────────────────────────────────────────

    Error: browserType.launch: Executable doesn't exist at /Users/lukaszozog/Library/Caches/ms-playwright/firefox-1511/firefox/Nightly.app/Contents/MacOS/firefox
    ╔════════════════════════════════════════════════════════════╗
    ║ Looks like Playwright was just installed or updated.       ║
    ║ Please run the following command to download new browsers: ║
    ║                                                            ║
    ║     npx playwright install                                 ║
    ║                                                            ║
    ║ <3 Playwright Team                                         ║
    ╚════════════════════════════════════════════════════════════╝

    Error Context: ../test-results/main-GlobalOfficeFinder-E2E-Tests-filter-by-country-firefox-retry1/error-context.md

    attachment #2: trace (application/zip) ─────────────────────────────────────────────────────────
    ../test-results/main-GlobalOfficeFinder-E2E-Tests-filter-by-country-firefox-retry1/trace.zip
    Usage:

        npx playwright show-trace ../test-results/main-GlobalOfficeFinder-E2E-Tests-filter-by-country-firefox-retry1/trace.zip

    ────────────────────────────────────────────────────────────────────────────────────────────────
]]>
</error>
</testcase>
<testcase name="GlobalOfficeFinder E2E Tests › filter by region" classname="main.spec.ts" time="0.002">
<system-out>
<![CDATA[
[[ATTACHMENT|test-results/main-GlobalOfficeFinder-E2E-Tests-filter-by-region-firefox/error-context.md]]

[[ATTACHMENT|test-results/main-GlobalOfficeFinder-E2E-Tests-filter-by-region-firefox-retry1/error-context.md]]

[[ATTACHMENT|test-results/main-GlobalOfficeFinder-E2E-Tests-filter-by-region-firefox-retry1/trace.zip]]
]]>
</system-out>
<error message="browserType.launch: Executable doesn&apos;t exist at /Users/lukaszozog/Library/Caches/ms-playwright/firefox-1511/firefox/Nightly.app/Contents/MacOS/firefox" type="Error">
<![CDATA[  [firefox] › main.spec.ts:52:3 › GlobalOfficeFinder E2E Tests › filter by region ──────────────────

    Error: browserType.launch: Executable doesn't exist at /Users/lukaszozog/Library/Caches/ms-playwright/firefox-1511/firefox/Nightly.app/Contents/MacOS/firefox
    ╔════════════════════════════════════════════════════════════╗
    ║ Looks like Playwright was just installed or updated.       ║
    ║ Please run the following command to download new browsers: ║
    ║                                                            ║
    ║     npx playwright install                                 ║
    ║                                                            ║
    ║ <3 Playwright Team                                         ║
    ╚════════════════════════════════════════════════════════════╝

    Error Context: ../test-results/main-GlobalOfficeFinder-E2E-Tests-filter-by-region-firefox/error-context.md

    Retry #1 ───────────────────────────────────────────────────────────────────────────────────────

    Error: browserType.launch: Executable doesn't exist at /Users/lukaszozog/Library/Caches/ms-playwright/firefox-1511/firefox/Nightly.app/Contents/MacOS/firefox
    ╔════════════════════════════════════════════════════════════╗
    ║ Looks like Playwright was just installed or updated.       ║
    ║ Please run the following command to download new browsers: ║
    ║                                                            ║
    ║     npx playwright install                                 ║
    ║                                                            ║
    ║ <3 Playwright Team                                         ║
    ╚════════════════════════════════════════════════════════════╝

    Error Context: ../test-results/main-GlobalOfficeFinder-E2E-Tests-filter-by-region-firefox-retry1/error-context.md

    attachment #2: trace (application/zip) ─────────────────────────────────────────────────────────
    ../test-results/main-GlobalOfficeFinder-E2E-Tests-filter-by-region-firefox-retry1/trace.zip
    Usage:

        npx playwright show-trace ../test-results/main-GlobalOfficeFinder-E2E-Tests-filter-by-region-firefox-retry1/trace.zip

    ────────────────────────────────────────────────────────────────────────────────────────────────
]]>
</error>
</testcase>
<testcase name="GlobalOfficeFinder E2E Tests › navigate to company detail page" classname="main.spec.ts" time="0.002">
<system-out>
<![CDATA[
[[ATTACHMENT|test-results/main-GlobalOfficeFinder-E2-6c0dc-gate-to-company-detail-page-firefox/error-context.md]]

[[ATTACHMENT|test-results/main-GlobalOfficeFinder-E2-6c0dc-gate-to-company-detail-page-firefox-retry1/error-context.md]]

[[ATTACHMENT|test-results/main-GlobalOfficeFinder-E2-6c0dc-gate-to-company-detail-page-firefox-retry1/trace.zip]]
]]>
</system-out>
<error message="browserType.launch: Executable doesn&apos;t exist at /Users/lukaszozog/Library/Caches/ms-playwright/firefox-1511/firefox/Nightly.app/Contents/MacOS/firefox" type="Error">
<![CDATA[  [firefox] › main.spec.ts:70:3 › GlobalOfficeFinder E2E Tests › navigate to company detail page ───

    Error: browserType.launch: Executable doesn't exist at /Users/lukaszozog/Library/Caches/ms-playwright/firefox-1511/firefox/Nightly.app/Contents/MacOS/firefox
    ╔════════════════════════════════════════════════════════════╗
    ║ Looks like Playwright was just installed or updated.       ║
    ║ Please run the following command to download new browsers: ║
    ║                                                            ║
    ║     npx playwright install                                 ║
    ║                                                            ║
    ║ <3 Playwright Team                                         ║
    ╚════════════════════════════════════════════════════════════╝

    Error Context: ../test-results/main-GlobalOfficeFinder-E2-6c0dc-gate-to-company-detail-page-firefox/error-context.md

    Retry #1 ───────────────────────────────────────────────────────────────────────────────────────

    Error: browserType.launch: Executable doesn't exist at /Users/lukaszozog/Library/Caches/ms-playwright/firefox-1511/firefox/Nightly.app/Contents/MacOS/firefox
    ╔════════════════════════════════════════════════════════════╗
    ║ Looks like Playwright was just installed or updated.       ║
    ║ Please run the following command to download new browsers: ║
    ║                                                            ║
    ║     npx playwright install                                 ║
    ║                                                            ║
    ║ <3 Playwright Team                                         ║
    ╚════════════════════════════════════════════════════════════╝

    Error Context: ../test-results/main-GlobalOfficeFinder-E2-6c0dc-gate-to-company-detail-page-firefox-retry1/error-context.md

    attachment #2: trace (application/zip) ─────────────────────────────────────────────────────────
    ../test-results/main-GlobalOfficeFinder-E2-6c0dc-gate-to-company-detail-page-firefox-retry1/trace.zip
    Usage:

        npx playwright show-trace ../test-results/main-GlobalOfficeFinder-E2-6c0dc-gate-to-company-detail-page-firefox-retry1/trace.zip

    ────────────────────────────────────────────────────────────────────────────────────────────────
]]>
</error>
</testcase>
<testcase name="GlobalOfficeFinder E2E Tests › navigate to country page" classname="main.spec.ts" time="0.002">
<system-out>
<![CDATA[
[[ATTACHMENT|test-results/main-GlobalOfficeFinder-E2E-Tests-navigate-to-country-page-firefox/error-context.md]]

[[ATTACHMENT|test-results/main-GlobalOfficeFinder-E2E-Tests-navigate-to-country-page-firefox-retry1/error-context.md]]

[[ATTACHMENT|test-results/main-GlobalOfficeFinder-E2E-Tests-navigate-to-country-page-firefox-retry1/trace.zip]]
]]>
</system-out>
<error message="browserType.launch: Executable doesn&apos;t exist at /Users/lukaszozog/Library/Caches/ms-playwright/firefox-1511/firefox/Nightly.app/Contents/MacOS/firefox" type="Error">
<![CDATA[  [firefox] › main.spec.ts:88:3 › GlobalOfficeFinder E2E Tests › navigate to country page ──────────

    Error: browserType.launch: Executable doesn't exist at /Users/lukaszozog/Library/Caches/ms-playwright/firefox-1511/firefox/Nightly.app/Contents/MacOS/firefox
    ╔════════════════════════════════════════════════════════════╗
    ║ Looks like Playwright was just installed or updated.       ║
    ║ Please run the following command to download new browsers: ║
    ║                                                            ║
    ║     npx playwright install                                 ║
    ║                                                            ║
    ║ <3 Playwright Team                                         ║
    ╚════════════════════════════════════════════════════════════╝

    Error Context: ../test-results/main-GlobalOfficeFinder-E2E-Tests-navigate-to-country-page-firefox/error-context.md

    Retry #1 ───────────────────────────────────────────────────────────────────────────────────────

    Error: browserType.launch: Executable doesn't exist at /Users/lukaszozog/Library/Caches/ms-playwright/firefox-1511/firefox/Nightly.app/Contents/MacOS/firefox
    ╔════════════════════════════════════════════════════════════╗
    ║ Looks like Playwright was just installed or updated.       ║
    ║ Please run the following command to download new browsers: ║
    ║                                                            ║
    ║     npx playwright install                                 ║
    ║                                                            ║
    ║ <3 Playwright Team                                         ║
    ╚════════════════════════════════════════════════════════════╝

    Error Context: ../test-results/main-GlobalOfficeFinder-E2E-Tests-navigate-to-country-page-firefox-retry1/error-context.md

    attachment #2: trace (application/zip) ─────────────────────────────────────────────────────────
    ../test-results/main-GlobalOfficeFinder-E2E-Tests-navigate-to-country-page-firefox-retry1/trace.zip
    Usage:

        npx playwright show-trace ../test-results/main-GlobalOfficeFinder-E2E-Tests-navigate-to-country-page-firefox-retry1/trace.zip

    ────────────────────────────────────────────────────────────────────────────────────────────────
]]>
</error>
</testcase>
<testcase name="GlobalOfficeFinder E2E Tests › map view displays on homepage" classname="main.spec.ts" time="0.002">
<system-out>
<![CDATA[
[[ATTACHMENT|test-results/main-GlobalOfficeFinder-E2-e28e3-p-view-displays-on-homepage-firefox/error-context.md]]

[[ATTACHMENT|test-results/main-GlobalOfficeFinder-E2-e28e3-p-view-displays-on-homepage-firefox-retry1/error-context.md]]

[[ATTACHMENT|test-results/main-GlobalOfficeFinder-E2-e28e3-p-view-displays-on-homepage-firefox-retry1/trace.zip]]
]]>
</system-out>
<error message="browserType.launch: Executable doesn&apos;t exist at /Users/lukaszozog/Library/Caches/ms-playwright/firefox-1511/firefox/Nightly.app/Contents/MacOS/firefox" type="Error">
<![CDATA[  [firefox] › main.spec.ts:107:3 › GlobalOfficeFinder E2E Tests › map view displays on homepage ────

    Error: browserType.launch: Executable doesn't exist at /Users/lukaszozog/Library/Caches/ms-playwright/firefox-1511/firefox/Nightly.app/Contents/MacOS/firefox
    ╔════════════════════════════════════════════════════════════╗
    ║ Looks like Playwright was just installed or updated.       ║
    ║ Please run the following command to download new browsers: ║
    ║                                                            ║
    ║     npx playwright install                                 ║
    ║                                                            ║
    ║ <3 Playwright Team                                         ║
    ╚════════════════════════════════════════════════════════════╝

    Error Context: ../test-results/main-GlobalOfficeFinder-E2-e28e3-p-view-displays-on-homepage-firefox/error-context.md

    Retry #1 ───────────────────────────────────────────────────────────────────────────────────────

    Error: browserType.launch: Executable doesn't exist at /Users/lukaszozog/Library/Caches/ms-playwright/firefox-1511/firefox/Nightly.app/Contents/MacOS/firefox
    ╔════════════════════════════════════════════════════════════╗
    ║ Looks like Playwright was just installed or updated.       ║
    ║ Please run the following command to download new browsers: ║
    ║                                                            ║
    ║     npx playwright install                                 ║
    ║                                                            ║
    ║ <3 Playwright Team                                         ║
    ╚════════════════════════════════════════════════════════════╝

    Error Context: ../test-results/main-GlobalOfficeFinder-E2-e28e3-p-view-displays-on-homepage-firefox-retry1/error-context.md

    attachment #2: trace (application/zip) ─────────────────────────────────────────────────────────
    ../test-results/main-GlobalOfficeFinder-E2-e28e3-p-view-displays-on-homepage-firefox-retry1/trace.zip
    Usage:

        npx playwright show-trace ../test-results/main-GlobalOfficeFinder-E2-e28e3-p-view-displays-on-homepage-firefox-retry1/trace.zip

    ────────────────────────────────────────────────────────────────────────────────────────────────
]]>
</error>
</testcase>
<testcase name="GlobalOfficeFinder E2E Tests › responsive design - mobile viewport" classname="main.spec.ts" time="0.002">
<system-out>
<![CDATA[
[[ATTACHMENT|test-results/main-GlobalOfficeFinder-E2-2512c-ve-design---mobile-viewport-firefox/error-context.md]]

[[ATTACHMENT|test-results/main-GlobalOfficeFinder-E2-2512c-ve-design---mobile-viewport-firefox-retry1/error-context.md]]

[[ATTACHMENT|test-results/main-GlobalOfficeFinder-E2-2512c-ve-design---mobile-viewport-firefox-retry1/trace.zip]]
]]>
</system-out>
<error message="browserType.launch: Executable doesn&apos;t exist at /Users/lukaszozog/Library/Caches/ms-playwright/firefox-1511/firefox/Nightly.app/Contents/MacOS/firefox" type="Error">
<![CDATA[  [firefox] › main.spec.ts:124:3 › GlobalOfficeFinder E2E Tests › responsive design - mobile viewport 

    Error: browserType.launch: Executable doesn't exist at /Users/lukaszozog/Library/Caches/ms-playwright/firefox-1511/firefox/Nightly.app/Contents/MacOS/firefox
    ╔════════════════════════════════════════════════════════════╗
    ║ Looks like Playwright was just installed or updated.       ║
    ║ Please run the following command to download new browsers: ║
    ║                                                            ║
    ║     npx playwright install                                 ║
    ║                                                            ║
    ║ <3 Playwright Team                                         ║
    ╚════════════════════════════════════════════════════════════╝

    Error Context: ../test-results/main-GlobalOfficeFinder-E2-2512c-ve-design---mobile-viewport-firefox/error-context.md

    Retry #1 ───────────────────────────────────────────────────────────────────────────────────────

    Error: browserType.launch: Executable doesn't exist at /Users/lukaszozog/Library/Caches/ms-playwright/firefox-1511/firefox/Nightly.app/Contents/MacOS/firefox
    ╔════════════════════════════════════════════════════════════╗
    ║ Looks like Playwright was just installed or updated.       ║
    ║ Please run the following command to download new browsers: ║
    ║                                                            ║
    ║     npx playwright install                                 ║
    ║                                                            ║
    ║ <3 Playwright Team                                         ║
    ╚════════════════════════════════════════════════════════════╝

    Error Context: ../test-results/main-GlobalOfficeFinder-E2-2512c-ve-design---mobile-viewport-firefox-retry1/error-context.md

    attachment #2: trace (application/zip) ─────────────────────────────────────────────────────────
    ../test-results/main-GlobalOfficeFinder-E2-2512c-ve-design---mobile-viewport-firefox-retry1/trace.zip
    Usage:

        npx playwright show-trace ../test-results/main-GlobalOfficeFinder-E2-2512c-ve-design---mobile-viewport-firefox-retry1/trace.zip

    ────────────────────────────────────────────────────────────────────────────────────────────────
]]>
</error>
</testcase>
<testcase name="GlobalOfficeFinder E2E Tests › responsive design - tablet viewport" classname="main.spec.ts" time="0.002">
<system-out>
<![CDATA[
[[ATTACHMENT|test-results/main-GlobalOfficeFinder-E2-38352-ve-design---tablet-viewport-firefox/error-context.md]]

[[ATTACHMENT|test-results/main-GlobalOfficeFinder-E2-38352-ve-design---tablet-viewport-firefox-retry1/error-context.md]]

[[ATTACHMENT|test-results/main-GlobalOfficeFinder-E2-38352-ve-design---tablet-viewport-firefox-retry1/trace.zip]]
]]>
</system-out>
<error message="browserType.launch: Executable doesn&apos;t exist at /Users/lukaszozog/Library/Caches/ms-playwright/firefox-1511/firefox/Nightly.app/Contents/MacOS/firefox" type="Error">
<![CDATA[  [firefox] › main.spec.ts:140:3 › GlobalOfficeFinder E2E Tests › responsive design - tablet viewport 

    Error: browserType.launch: Executable doesn't exist at /Users/lukaszozog/Library/Caches/ms-playwright/firefox-1511/firefox/Nightly.app/Contents/MacOS/firefox
    ╔════════════════════════════════════════════════════════════╗
    ║ Looks like Playwright was just installed or updated.       ║
    ║ Please run the following command to download new browsers: ║
    ║                                                            ║
    ║     npx playwright install                                 ║
    ║                                                            ║
    ║ <3 Playwright Team                                         ║
    ╚════════════════════════════════════════════════════════════╝

    Error Context: ../test-results/main-GlobalOfficeFinder-E2-38352-ve-design---tablet-viewport-firefox/error-context.md

    Retry #1 ───────────────────────────────────────────────────────────────────────────────────────

    Error: browserType.launch: Executable doesn't exist at /Users/lukaszozog/Library/Caches/ms-playwright/firefox-1511/firefox/Nightly.app/Contents/MacOS/firefox
    ╔════════════════════════════════════════════════════════════╗
    ║ Looks like Playwright was just installed or updated.       ║
    ║ Please run the following command to download new browsers: ║
    ║                                                            ║
    ║     npx playwright install                                 ║
    ║                                                            ║
    ║ <3 Playwright Team                                         ║
    ╚════════════════════════════════════════════════════════════╝

    Error Context: ../test-results/main-GlobalOfficeFinder-E2-38352-ve-design---tablet-viewport-firefox-retry1/error-context.md

    attachment #2: trace (application/zip) ─────────────────────────────────────────────────────────
    ../test-results/main-GlobalOfficeFinder-E2-38352-ve-design---tablet-viewport-firefox-retry1/trace.zip
    Usage:

        npx playwright show-trace ../test-results/main-GlobalOfficeFinder-E2-38352-ve-design---tablet-viewport-firefox-retry1/trace.zip

    ────────────────────────────────────────────────────────────────────────────────────────────────
]]>
</error>
</testcase>
<testcase name="GlobalOfficeFinder E2E Tests › search clears and resets" classname="main.spec.ts" time="0.002">
<system-out>
<![CDATA[
[[ATTACHMENT|test-results/main-GlobalOfficeFinder-E2E-Tests-search-clears-and-resets-firefox/error-context.md]]

[[ATTACHMENT|test-results/main-GlobalOfficeFinder-E2E-Tests-search-clears-and-resets-firefox-retry1/error-context.md]]

[[ATTACHMENT|test-results/main-GlobalOfficeFinder-E2E-Tests-search-clears-and-resets-firefox-retry1/trace.zip]]
]]>
</system-out>
<error message="browserType.launch: Executable doesn&apos;t exist at /Users/lukaszozog/Library/Caches/ms-playwright/firefox-1511/firefox/Nightly.app/Contents/MacOS/firefox" type="Error">
<![CDATA[  [firefox] › main.spec.ts:152:3 › GlobalOfficeFinder E2E Tests › search clears and resets ─────────

    Error: browserType.launch: Executable doesn't exist at /Users/lukaszozog/Library/Caches/ms-playwright/firefox-1511/firefox/Nightly.app/Contents/MacOS/firefox
    ╔════════════════════════════════════════════════════════════╗
    ║ Looks like Playwright was just installed or updated.       ║
    ║ Please run the following command to download new browsers: ║
    ║                                                            ║
    ║     npx playwright install                                 ║
    ║                                                            ║
    ║ <3 Playwright Team                                         ║
    ╚════════════════════════════════════════════════════════════╝

    Error Context: ../test-results/main-GlobalOfficeFinder-E2E-Tests-search-clears-and-resets-firefox/error-context.md

    Retry #1 ───────────────────────────────────────────────────────────────────────────────────────

    Error: browserType.launch: Executable doesn't exist at /Users/lukaszozog/Library/Caches/ms-playwright/firefox-1511/firefox/Nightly.app/Contents/MacOS/firefox
    ╔════════════════════════════════════════════════════════════╗
    ║ Looks like Playwright was just installed or updated.       ║
    ║ Please run the following command to download new browsers: ║
    ║                                                            ║
    ║     npx playwright install                                 ║
    ║                                                            ║
    ║ <3 Playwright Team                                         ║
    ╚════════════════════════════════════════════════════════════╝

    Error Context: ../test-results/main-GlobalOfficeFinder-E2E-Tests-search-clears-and-resets-firefox-retry1/error-context.md

    attachment #2: trace (application/zip) ─────────────────────────────────────────────────────────
    ../test-results/main-GlobalOfficeFinder-E2E-Tests-search-clears-and-resets-firefox-retry1/trace.zip
    Usage:

        npx playwright show-trace ../test-results/main-GlobalOfficeFinder-E2E-Tests-search-clears-and-resets-firefox-retry1/trace.zip

    ────────────────────────────────────────────────────────────────────────────────────────────────
]]>
</error>
</testcase>
<testcase name="GlobalOfficeFinder E2E Tests › can navigate between pages using breadcrumbs or back" classname="main.spec.ts" time="0.002">
<system-out>
<![CDATA[
[[ATTACHMENT|test-results/main-GlobalOfficeFinder-E2-cb505-s-using-breadcrumbs-or-back-firefox/error-context.md]]

[[ATTACHMENT|test-results/main-GlobalOfficeFinder-E2-cb505-s-using-breadcrumbs-or-back-firefox-retry1/error-context.md]]

[[ATTACHMENT|test-results/main-GlobalOfficeFinder-E2-cb505-s-using-breadcrumbs-or-back-firefox-retry1/trace.zip]]
]]>
</system-out>
<error message="browserType.launch: Executable doesn&apos;t exist at /Users/lukaszozog/Library/Caches/ms-playwright/firefox-1511/firefox/Nightly.app/Contents/MacOS/firefox" type="Error">
<![CDATA[  [firefox] › main.spec.ts:168:3 › GlobalOfficeFinder E2E Tests › can navigate between pages using breadcrumbs or back 

    Error: browserType.launch: Executable doesn't exist at /Users/lukaszozog/Library/Caches/ms-playwright/firefox-1511/firefox/Nightly.app/Contents/MacOS/firefox
    ╔════════════════════════════════════════════════════════════╗
    ║ Looks like Playwright was just installed or updated.       ║
    ║ Please run the following command to download new browsers: ║
    ║                                                            ║
    ║     npx playwright install                                 ║
    ║                                                            ║
    ║ <3 Playwright Team                                         ║
    ╚════════════════════════════════════════════════════════════╝

    Error Context: ../test-results/main-GlobalOfficeFinder-E2-cb505-s-using-breadcrumbs-or-back-firefox/error-context.md

    Retry #1 ───────────────────────────────────────────────────────────────────────────────────────

    Error: browserType.launch: Executable doesn't exist at /Users/lukaszozog/Library/Caches/ms-playwright/firefox-1511/firefox/Nightly.app/Contents/MacOS/firefox
    ╔════════════════════════════════════════════════════════════╗
    ║ Looks like Playwright was just installed or updated.       ║
    ║ Please run the following command to download new browsers: ║
    ║                                                            ║
    ║     npx playwright install                                 ║
    ║                                                            ║
    ║ <3 Playwright Team                                         ║
    ╚════════════════════════════════════════════════════════════╝

    Error Context: ../test-results/main-GlobalOfficeFinder-E2-cb505-s-using-breadcrumbs-or-back-firefox-retry1/error-context.md

    attachment #2: trace (application/zip) ─────────────────────────────────────────────────────────
    ../test-results/main-GlobalOfficeFinder-E2-cb505-s-using-breadcrumbs-or-back-firefox-retry1/trace.zip
    Usage:

        npx playwright show-trace ../test-results/main-GlobalOfficeFinder-E2-cb505-s-using-breadcrumbs-or-back-firefox-retry1/trace.zip

    ────────────────────────────────────────────────────────────────────────────────────────────────
]]>
</error>
</testcase>
<testcase name="Accessibility Tests › homepage has no accessibility violations" classname="main.spec.ts" time="0.002">
<system-out>
<![CDATA[
[[ATTACHMENT|test-results/main-Accessibility-Tests-h-64b05-no-accessibility-violations-firefox/error-context.md]]

[[ATTACHMENT|test-results/main-Accessibility-Tests-h-64b05-no-accessibility-violations-firefox-retry1/error-context.md]]

[[ATTACHMENT|test-results/main-Accessibility-Tests-h-64b05-no-accessibility-violations-firefox-retry1/trace.zip]]
]]>
</system-out>
<error message="browserType.launch: Executable doesn&apos;t exist at /Users/lukaszozog/Library/Caches/ms-playwright/firefox-1511/firefox/Nightly.app/Contents/MacOS/firefox" type="Error">
<![CDATA[  [firefox] › main.spec.ts:197:3 › Accessibility Tests › homepage has no accessibility violations ──

    Error: browserType.launch: Executable doesn't exist at /Users/lukaszozog/Library/Caches/ms-playwright/firefox-1511/firefox/Nightly.app/Contents/MacOS/firefox
    ╔════════════════════════════════════════════════════════════╗
    ║ Looks like Playwright was just installed or updated.       ║
    ║ Please run the following command to download new browsers: ║
    ║                                                            ║
    ║     npx playwright install                                 ║
    ║                                                            ║
    ║ <3 Playwright Team                                         ║
    ╚════════════════════════════════════════════════════════════╝

    Error Context: ../test-results/main-Accessibility-Tests-h-64b05-no-accessibility-violations-firefox/error-context.md

    Retry #1 ───────────────────────────────────────────────────────────────────────────────────────

    Error: browserType.launch: Executable doesn't exist at /Users/lukaszozog/Library/Caches/ms-playwright/firefox-1511/firefox/Nightly.app/Contents/MacOS/firefox
    ╔════════════════════════════════════════════════════════════╗
    ║ Looks like Playwright was just installed or updated.       ║
    ║ Please run the following command to download new browsers: ║
    ║                                                            ║
    ║     npx playwright install                                 ║
    ║                                                            ║
    ║ <3 Playwright Team                                         ║
    ╚════════════════════════════════════════════════════════════╝

    Error Context: ../test-results/main-Accessibility-Tests-h-64b05-no-accessibility-violations-firefox-retry1/error-context.md

    attachment #2: trace (application/zip) ─────────────────────────────────────────────────────────
    ../test-results/main-Accessibility-Tests-h-64b05-no-accessibility-violations-firefox-retry1/trace.zip
    Usage:

        npx playwright show-trace ../test-results/main-Accessibility-Tests-h-64b05-no-accessibility-violations-firefox-retry1/trace.zip

    ────────────────────────────────────────────────────────────────────────────────────────────────
]]>
</error>
</testcase>
<testcase name="Accessibility Tests › homepage is keyboard navigable" classname="main.spec.ts" time="0.002">
<system-out>
<![CDATA[
[[ATTACHMENT|test-results/main-Accessibility-Tests-homepage-is-keyboard-navigable-firefox/error-context.md]]

[[ATTACHMENT|test-results/main-Accessibility-Tests-homepage-is-keyboard-navigable-firefox-retry1/error-context.md]]

[[ATTACHMENT|test-results/main-Accessibility-Tests-homepage-is-keyboard-navigable-firefox-retry1/trace.zip]]
]]>
</system-out>
<error message="browserType.launch: Executable doesn&apos;t exist at /Users/lukaszozog/Library/Caches/ms-playwright/firefox-1511/firefox/Nightly.app/Contents/MacOS/firefox" type="Error">
<![CDATA[  [firefox] › main.spec.ts:212:3 › Accessibility Tests › homepage is keyboard navigable ────────────

    Error: browserType.launch: Executable doesn't exist at /Users/lukaszozog/Library/Caches/ms-playwright/firefox-1511/firefox/Nightly.app/Contents/MacOS/firefox
    ╔════════════════════════════════════════════════════════════╗
    ║ Looks like Playwright was just installed or updated.       ║
    ║ Please run the following command to download new browsers: ║
    ║                                                            ║
    ║     npx playwright install                                 ║
    ║                                                            ║
    ║ <3 Playwright Team                                         ║
    ╚════════════════════════════════════════════════════════════╝

    Error Context: ../test-results/main-Accessibility-Tests-homepage-is-keyboard-navigable-firefox/error-context.md

    Retry #1 ───────────────────────────────────────────────────────────────────────────────────────

    Error: browserType.launch: Executable doesn't exist at /Users/lukaszozog/Library/Caches/ms-playwright/firefox-1511/firefox/Nightly.app/Contents/MacOS/firefox
    ╔════════════════════════════════════════════════════════════╗
    ║ Looks like Playwright was just installed or updated.       ║
    ║ Please run the following command to download new browsers: ║
    ║                                                            ║
    ║     npx playwright install                                 ║
    ║                                                            ║
    ║ <3 Playwright Team                                         ║
    ╚════════════════════════════════════════════════════════════╝

    Error Context: ../test-results/main-Accessibility-Tests-homepage-is-keyboard-navigable-firefox-retry1/error-context.md

    attachment #2: trace (application/zip) ─────────────────────────────────────────────────────────
    ../test-results/main-Accessibility-Tests-homepage-is-keyboard-navigable-firefox-retry1/trace.zip
    Usage:

        npx playwright show-trace ../test-results/main-Accessibility-Tests-homepage-is-keyboard-navigable-firefox-retry1/trace.zip

    ────────────────────────────────────────────────────────────────────────────────────────────────
]]>
</error>
</testcase>
<testcase name="Accessibility Tests › all links have accessible names" classname="main.spec.ts" time="0.002">
<system-out>
<![CDATA[
[[ATTACHMENT|test-results/main-Accessibility-Tests-all-links-have-accessible-names-firefox/error-context.md]]

[[ATTACHMENT|test-results/main-Accessibility-Tests-all-links-have-accessible-names-firefox-retry1/error-context.md]]

[[ATTACHMENT|test-results/main-Accessibility-Tests-all-links-have-accessible-names-firefox-retry1/trace.zip]]
]]>
</system-out>
<error message="browserType.launch: Executable doesn&apos;t exist at /Users/lukaszozog/Library/Caches/ms-playwright/firefox-1511/firefox/Nightly.app/Contents/MacOS/firefox" type="Error">
<![CDATA[  [firefox] › main.spec.ts:223:3 › Accessibility Tests › all links have accessible names ───────────

    Error: browserType.launch: Executable doesn't exist at /Users/lukaszozog/Library/Caches/ms-playwright/firefox-1511/firefox/Nightly.app/Contents/MacOS/firefox
    ╔════════════════════════════════════════════════════════════╗
    ║ Looks like Playwright was just installed or updated.       ║
    ║ Please run the following command to download new browsers: ║
    ║                                                            ║
    ║     npx playwright install                                 ║
    ║                                                            ║
    ║ <3 Playwright Team                                         ║
    ╚════════════════════════════════════════════════════════════╝

    Error Context: ../test-results/main-Accessibility-Tests-all-links-have-accessible-names-firefox/error-context.md

    Retry #1 ───────────────────────────────────────────────────────────────────────────────────────

    Error: browserType.launch: Executable doesn't exist at /Users/lukaszozog/Library/Caches/ms-playwright/firefox-1511/firefox/Nightly.app/Contents/MacOS/firefox
    ╔════════════════════════════════════════════════════════════╗
    ║ Looks like Playwright was just installed or updated.       ║
    ║ Please run the following command to download new browsers: ║
    ║                                                            ║
    ║     npx playwright install                                 ║
    ║                                                            ║
    ║ <3 Playwright Team                                         ║
    ╚════════════════════════════════════════════════════════════╝

    Error Context: ../test-results/main-Accessibility-Tests-all-links-have-accessible-names-firefox-retry1/error-context.md

    attachment #2: trace (application/zip) ─────────────────────────────────────────────────────────
    ../test-results/main-Accessibility-Tests-all-links-have-accessible-names-firefox-retry1/trace.zip
    Usage:

        npx playwright show-trace ../test-results/main-Accessibility-Tests-all-links-have-accessible-names-firefox-retry1/trace.zip

    ────────────────────────────────────────────────────────────────────────────────────────────────
]]>
</error>
</testcase>
<testcase name="Accessibility Tests › form inputs have associated labels" classname="main.spec.ts" time="0.002">
<system-out>
<![CDATA[
[[ATTACHMENT|test-results/main-Accessibility-Tests-form-inputs-have-associated-labels-firefox/error-context.md]]

[[ATTACHMENT|test-results/main-Accessibility-Tests-form-inputs-have-associated-labels-firefox-retry1/error-context.md]]

[[ATTACHMENT|test-results/main-Accessibility-Tests-form-inputs-have-associated-labels-firefox-retry1/trace.zip]]
]]>
</system-out>
<error message="browserType.launch: Executable doesn&apos;t exist at /Users/lukaszozog/Library/Caches/ms-playwright/firefox-1511/firefox/Nightly.app/Contents/MacOS/firefox" type="Error">
<![CDATA[  [firefox] › main.spec.ts:242:3 › Accessibility Tests › form inputs have associated labels ────────

    Error: browserType.launch: Executable doesn't exist at /Users/lukaszozog/Library/Caches/ms-playwright/firefox-1511/firefox/Nightly.app/Contents/MacOS/firefox
    ╔════════════════════════════════════════════════════════════╗
    ║ Looks like Playwright was just installed or updated.       ║
    ║ Please run the following command to download new browsers: ║
    ║                                                            ║
    ║     npx playwright install                                 ║
    ║                                                            ║
    ║ <3 Playwright Team                                         ║
    ╚════════════════════════════════════════════════════════════╝

    Error Context: ../test-results/main-Accessibility-Tests-form-inputs-have-associated-labels-firefox/error-context.md

    Retry #1 ───────────────────────────────────────────────────────────────────────────────────────

    Error: browserType.launch: Executable doesn't exist at /Users/lukaszozog/Library/Caches/ms-playwright/firefox-1511/firefox/Nightly.app/Contents/MacOS/firefox
    ╔════════════════════════════════════════════════════════════╗
    ║ Looks like Playwright was just installed or updated.       ║
    ║ Please run the following command to download new browsers: ║
    ║                                                            ║
    ║     npx playwright install                                 ║
    ║                                                            ║
    ║ <3 Playwright Team                                         ║
    ╚════════════════════════════════════════════════════════════╝

    Error Context: ../test-results/main-Accessibility-Tests-form-inputs-have-associated-labels-firefox-retry1/error-context.md

    attachment #2: trace (application/zip) ─────────────────────────────────────────────────────────
    ../test-results/main-Accessibility-Tests-form-inputs-have-associated-labels-firefox-retry1/trace.zip
    Usage:

        npx playwright show-trace ../test-results/main-Accessibility-Tests-form-inputs-have-associated-labels-firefox-retry1/trace.zip

    ────────────────────────────────────────────────────────────────────────────────────────────────
]]>
</error>
</testcase>
</testsuite>
<testsuite name="main.spec.ts" timestamp="2026-04-26T19:00:45.888Z" hostname="webkit" tests="15" failures="0" skipped="0" time="0.034" errors="15">
<testcase name="GlobalOfficeFinder E2E Tests › homepage loads successfully" classname="main.spec.ts" time="0.002">
<system-out>
<![CDATA[
[[ATTACHMENT|test-results/main-GlobalOfficeFinder-E2-98de8-homepage-loads-successfully-webkit/error-context.md]]

[[ATTACHMENT|test-results/main-GlobalOfficeFinder-E2-98de8-homepage-loads-successfully-webkit-retry1/error-context.md]]

[[ATTACHMENT|test-results/main-GlobalOfficeFinder-E2-98de8-homepage-loads-successfully-webkit-retry1/trace.zip]]
]]>
</system-out>
<error message="browserType.launch: Executable doesn&apos;t exist at /Users/lukaszozog/Library/Caches/ms-playwright/webkit-2272/pw_run.sh" type="Error">
<![CDATA[  [webkit] › main.spec.ts:5:3 › GlobalOfficeFinder E2E Tests › homepage loads successfully ─────────

    Error: browserType.launch: Executable doesn't exist at /Users/lukaszozog/Library/Caches/ms-playwright/webkit-2272/pw_run.sh
    ╔════════════════════════════════════════════════════════════╗
    ║ Looks like Playwright was just installed or updated.       ║
    ║ Please run the following command to download new browsers: ║
    ║                                                            ║
    ║     npx playwright install                                 ║
    ║                                                            ║
    ║ <3 Playwright Team                                         ║
    ╚════════════════════════════════════════════════════════════╝

    Error Context: ../test-results/main-GlobalOfficeFinder-E2-98de8-homepage-loads-successfully-webkit/error-context.md

    Retry #1 ───────────────────────────────────────────────────────────────────────────────────────

    Error: browserType.launch: Executable doesn't exist at /Users/lukaszozog/Library/Caches/ms-playwright/webkit-2272/pw_run.sh
    ╔════════════════════════════════════════════════════════════╗
    ║ Looks like Playwright was just installed or updated.       ║
    ║ Please run the following command to download new browsers: ║
    ║                                                            ║
    ║     npx playwright install                                 ║
    ║                                                            ║
    ║ <3 Playwright Team                                         ║
    ╚════════════════════════════════════════════════════════════╝

    Error Context: ../test-results/main-GlobalOfficeFinder-E2-98de8-homepage-loads-successfully-webkit-retry1/error-context.md

    attachment #2: trace (application/zip) ─────────────────────────────────────────────────────────
    ../test-results/main-GlobalOfficeFinder-E2-98de8-homepage-loads-successfully-webkit-retry1/trace.zip
    Usage:

        npx playwright show-trace ../test-results/main-GlobalOfficeFinder-E2-98de8-homepage-loads-successfully-webkit-retry1/trace.zip

    ────────────────────────────────────────────────────────────────────────────────────────────────
]]>
</error>
</testcase>
<testcase name="GlobalOfficeFinder E2E Tests › search by company name" classname="main.spec.ts" time="0.002">
<system-out>
<![CDATA[
[[ATTACHMENT|test-results/main-GlobalOfficeFinder-E2E-Tests-search-by-company-name-webkit/error-context.md]]

[[ATTACHMENT|test-results/main-GlobalOfficeFinder-E2E-Tests-search-by-company-name-webkit-retry1/error-context.md]]

[[ATTACHMENT|test-results/main-GlobalOfficeFinder-E2E-Tests-search-by-company-name-webkit-retry1/trace.zip]]
]]>
</system-out>
<error message="browserType.launch: Executable doesn&apos;t exist at /Users/lukaszozog/Library/Caches/ms-playwright/webkit-2272/pw_run.sh" type="Error">
<![CDATA[  [webkit] › main.spec.ts:16:3 › GlobalOfficeFinder E2E Tests › search by company name ─────────────

    Error: browserType.launch: Executable doesn't exist at /Users/lukaszozog/Library/Caches/ms-playwright/webkit-2272/pw_run.sh
    ╔════════════════════════════════════════════════════════════╗
    ║ Looks like Playwright was just installed or updated.       ║
    ║ Please run the following command to download new browsers: ║
    ║                                                            ║
    ║     npx playwright install                                 ║
    ║                                                            ║
    ║ <3 Playwright Team                                         ║
    ╚════════════════════════════════════════════════════════════╝

    Error Context: ../test-results/main-GlobalOfficeFinder-E2E-Tests-search-by-company-name-webkit/error-context.md

    Retry #1 ───────────────────────────────────────────────────────────────────────────────────────

    Error: browserType.launch: Executable doesn't exist at /Users/lukaszozog/Library/Caches/ms-playwright/webkit-2272/pw_run.sh
    ╔════════════════════════════════════════════════════════════╗
    ║ Looks like Playwright was just installed or updated.       ║
    ║ Please run the following command to download new browsers: ║
    ║                                                            ║
    ║     npx playwright install                                 ║
    ║                                                            ║
    ║ <3 Playwright Team                                         ║
    ╚════════════════════════════════════════════════════════════╝

    Error Context: ../test-results/main-GlobalOfficeFinder-E2E-Tests-search-by-company-name-webkit-retry1/error-context.md

    attachment #2: trace (application/zip) ─────────────────────────────────────────────────────────
    ../test-results/main-GlobalOfficeFinder-E2E-Tests-search-by-company-name-webkit-retry1/trace.zip
    Usage:

        npx playwright show-trace ../test-results/main-GlobalOfficeFinder-E2E-Tests-search-by-company-name-webkit-retry1/trace.zip

    ────────────────────────────────────────────────────────────────────────────────────────────────
]]>
</error>
</testcase>
<testcase name="GlobalOfficeFinder E2E Tests › filter by country" classname="main.spec.ts" time="0.002">
<system-out>
<![CDATA[
[[ATTACHMENT|test-results/main-GlobalOfficeFinder-E2E-Tests-filter-by-country-webkit/error-context.md]]

[[ATTACHMENT|test-results/main-GlobalOfficeFinder-E2E-Tests-filter-by-country-webkit-retry1/error-context.md]]

[[ATTACHMENT|test-results/main-GlobalOfficeFinder-E2E-Tests-filter-by-country-webkit-retry1/trace.zip]]
]]>
</system-out>
<error message="browserType.launch: Executable doesn&apos;t exist at /Users/lukaszozog/Library/Caches/ms-playwright/webkit-2272/pw_run.sh" type="Error">
<![CDATA[  [webkit] › main.spec.ts:34:3 › GlobalOfficeFinder E2E Tests › filter by country ──────────────────

    Error: browserType.launch: Executable doesn't exist at /Users/lukaszozog/Library/Caches/ms-playwright/webkit-2272/pw_run.sh
    ╔════════════════════════════════════════════════════════════╗
    ║ Looks like Playwright was just installed or updated.       ║
    ║ Please run the following command to download new browsers: ║
    ║                                                            ║
    ║     npx playwright install                                 ║
    ║                                                            ║
    ║ <3 Playwright Team                                         ║
    ╚════════════════════════════════════════════════════════════╝

    Error Context: ../test-results/main-GlobalOfficeFinder-E2E-Tests-filter-by-country-webkit/error-context.md

    Retry #1 ───────────────────────────────────────────────────────────────────────────────────────

    Error: browserType.launch: Executable doesn't exist at /Users/lukaszozog/Library/Caches/ms-playwright/webkit-2272/pw_run.sh
    ╔════════════════════════════════════════════════════════════╗
    ║ Looks like Playwright was just installed or updated.       ║
    ║ Please run the following command to download new browsers: ║
    ║                                                            ║
    ║     npx playwright install                                 ║
    ║                                                            ║
    ║ <3 Playwright Team                                         ║
    ╚════════════════════════════════════════════════════════════╝

    Error Context: ../test-results/main-GlobalOfficeFinder-E2E-Tests-filter-by-country-webkit-retry1/error-context.md

    attachment #2: trace (application/zip) ─────────────────────────────────────────────────────────
    ../test-results/main-GlobalOfficeFinder-E2E-Tests-filter-by-country-webkit-retry1/trace.zip
    Usage:

        npx playwright show-trace ../test-results/main-GlobalOfficeFinder-E2E-Tests-filter-by-country-webkit-retry1/trace.zip

    ────────────────────────────────────────────────────────────────────────────────────────────────
]]>
</error>
</testcase>
<testcase name="GlobalOfficeFinder E2E Tests › filter by region" classname="main.spec.ts" time="0.002">
<system-out>
<![CDATA[
[[ATTACHMENT|test-results/main-GlobalOfficeFinder-E2E-Tests-filter-by-region-webkit/error-context.md]]

[[ATTACHMENT|test-results/main-GlobalOfficeFinder-E2E-Tests-filter-by-region-webkit-retry1/error-context.md]]

[[ATTACHMENT|test-results/main-GlobalOfficeFinder-E2E-Tests-filter-by-region-webkit-retry1/trace.zip]]
]]>
</system-out>
<error message="browserType.launch: Executable doesn&apos;t exist at /Users/lukaszozog/Library/Caches/ms-playwright/webkit-2272/pw_run.sh" type="Error">
<![CDATA[  [webkit] › main.spec.ts:52:3 › GlobalOfficeFinder E2E Tests › filter by region ───────────────────

    Error: browserType.launch: Executable doesn't exist at /Users/lukaszozog/Library/Caches/ms-playwright/webkit-2272/pw_run.sh
    ╔════════════════════════════════════════════════════════════╗
    ║ Looks like Playwright was just installed or updated.       ║
    ║ Please run the following command to download new browsers: ║
    ║                                                            ║
    ║     npx playwright install                                 ║
    ║                                                            ║
    ║ <3 Playwright Team                                         ║
    ╚════════════════════════════════════════════════════════════╝

    Error Context: ../test-results/main-GlobalOfficeFinder-E2E-Tests-filter-by-region-webkit/error-context.md

    Retry #1 ───────────────────────────────────────────────────────────────────────────────────────

    Error: browserType.launch: Executable doesn't exist at /Users/lukaszozog/Library/Caches/ms-playwright/webkit-2272/pw_run.sh
    ╔════════════════════════════════════════════════════════════╗
    ║ Looks like Playwright was just installed or updated.       ║
    ║ Please run the following command to download new browsers: ║
    ║                                                            ║
    ║     npx playwright install                                 ║
    ║                                                            ║
    ║ <3 Playwright Team                                         ║
    ╚════════════════════════════════════════════════════════════╝

    Error Context: ../test-results/main-GlobalOfficeFinder-E2E-Tests-filter-by-region-webkit-retry1/error-context.md

    attachment #2: trace (application/zip) ─────────────────────────────────────────────────────────
    ../test-results/main-GlobalOfficeFinder-E2E-Tests-filter-by-region-webkit-retry1/trace.zip
    Usage:

        npx playwright show-trace ../test-results/main-GlobalOfficeFinder-E2E-Tests-filter-by-region-webkit-retry1/trace.zip

    ────────────────────────────────────────────────────────────────────────────────────────────────
]]>
</error>
</testcase>
<testcase name="GlobalOfficeFinder E2E Tests › navigate to company detail page" classname="main.spec.ts" time="0.003">
<system-out>
<![CDATA[
[[ATTACHMENT|test-results/main-GlobalOfficeFinder-E2-6c0dc-gate-to-company-detail-page-webkit/error-context.md]]

[[ATTACHMENT|test-results/main-GlobalOfficeFinder-E2-6c0dc-gate-to-company-detail-page-webkit-retry1/error-context.md]]

[[ATTACHMENT|test-results/main-GlobalOfficeFinder-E2-6c0dc-gate-to-company-detail-page-webkit-retry1/trace.zip]]
]]>
</system-out>
<error message="browserType.launch: Executable doesn&apos;t exist at /Users/lukaszozog/Library/Caches/ms-playwright/webkit-2272/pw_run.sh" type="Error">
<![CDATA[  [webkit] › main.spec.ts:70:3 › GlobalOfficeFinder E2E Tests › navigate to company detail page ────

    Error: browserType.launch: Executable doesn't exist at /Users/lukaszozog/Library/Caches/ms-playwright/webkit-2272/pw_run.sh
    ╔════════════════════════════════════════════════════════════╗
    ║ Looks like Playwright was just installed or updated.       ║
    ║ Please run the following command to download new browsers: ║
    ║                                                            ║
    ║     npx playwright install                                 ║
    ║                                                            ║
    ║ <3 Playwright Team                                         ║
    ╚════════════════════════════════════════════════════════════╝

    Error Context: ../test-results/main-GlobalOfficeFinder-E2-6c0dc-gate-to-company-detail-page-webkit/error-context.md

    Retry #1 ───────────────────────────────────────────────────────────────────────────────────────

    Error: browserType.launch: Executable doesn't exist at /Users/lukaszozog/Library/Caches/ms-playwright/webkit-2272/pw_run.sh
    ╔════════════════════════════════════════════════════════════╗
    ║ Looks like Playwright was just installed or updated.       ║
    ║ Please run the following command to download new browsers: ║
    ║                                                            ║
    ║     npx playwright install                                 ║
    ║                                                            ║
    ║ <3 Playwright Team                                         ║
    ╚════════════════════════════════════════════════════════════╝

    Error Context: ../test-results/main-GlobalOfficeFinder-E2-6c0dc-gate-to-company-detail-page-webkit-retry1/error-context.md

    attachment #2: trace (application/zip) ─────────────────────────────────────────────────────────
    ../test-results/main-GlobalOfficeFinder-E2-6c0dc-gate-to-company-detail-page-webkit-retry1/trace.zip
    Usage:

        npx playwright show-trace ../test-results/main-GlobalOfficeFinder-E2-6c0dc-gate-to-company-detail-page-webkit-retry1/trace.zip

    ────────────────────────────────────────────────────────────────────────────────────────────────
]]>
</error>
</testcase>
<testcase name="GlobalOfficeFinder E2E Tests › navigate to country page" classname="main.spec.ts" time="0.002">
<system-out>
<![CDATA[
[[ATTACHMENT|test-results/main-GlobalOfficeFinder-E2E-Tests-navigate-to-country-page-webkit/error-context.md]]

[[ATTACHMENT|test-results/main-GlobalOfficeFinder-E2E-Tests-navigate-to-country-page-webkit-retry1/error-context.md]]

[[ATTACHMENT|test-results/main-GlobalOfficeFinder-E2E-Tests-navigate-to-country-page-webkit-retry1/trace.zip]]
]]>
</system-out>
<error message="browserType.launch: Executable doesn&apos;t exist at /Users/lukaszozog/Library/Caches/ms-playwright/webkit-2272/pw_run.sh" type="Error">
<![CDATA[  [webkit] › main.spec.ts:88:3 › GlobalOfficeFinder E2E Tests › navigate to country page ───────────

    Error: browserType.launch: Executable doesn't exist at /Users/lukaszozog/Library/Caches/ms-playwright/webkit-2272/pw_run.sh
    ╔════════════════════════════════════════════════════════════╗
    ║ Looks like Playwright was just installed or updated.       ║
    ║ Please run the following command to download new browsers: ║
    ║                                                            ║
    ║     npx playwright install                                 ║
    ║                                                            ║
    ║ <3 Playwright Team                                         ║
    ╚════════════════════════════════════════════════════════════╝

    Error Context: ../test-results/main-GlobalOfficeFinder-E2E-Tests-navigate-to-country-page-webkit/error-context.md

    Retry #1 ───────────────────────────────────────────────────────────────────────────────────────

    Error: browserType.launch: Executable doesn't exist at /Users/lukaszozog/Library/Caches/ms-playwright/webkit-2272/pw_run.sh
    ╔════════════════════════════════════════════════════════════╗
    ║ Looks like Playwright was just installed or updated.       ║
    ║ Please run the following command to download new browsers: ║
    ║                                                            ║
    ║     npx playwright install                                 ║
    ║                                                            ║
    ║ <3 Playwright Team                                         ║
    ╚════════════════════════════════════════════════════════════╝

    Error Context: ../test-results/main-GlobalOfficeFinder-E2E-Tests-navigate-to-country-page-webkit-retry1/error-context.md

    attachment #2: trace (application/zip) ─────────────────────────────────────────────────────────
    ../test-results/main-GlobalOfficeFinder-E2E-Tests-navigate-to-country-page-webkit-retry1/trace.zip
    Usage:

        npx playwright show-trace ../test-results/main-GlobalOfficeFinder-E2E-Tests-navigate-to-country-page-webkit-retry1/trace.zip

    ────────────────────────────────────────────────────────────────────────────────────────────────
]]>
</error>
</testcase>
<testcase name="GlobalOfficeFinder E2E Tests › map view displays on homepage" classname="main.spec.ts" time="0.002">
<system-out>
<![CDATA[
[[ATTACHMENT|test-results/main-GlobalOfficeFinder-E2-e28e3-p-view-displays-on-homepage-webkit/error-context.md]]

[[ATTACHMENT|test-results/main-GlobalOfficeFinder-E2-e28e3-p-view-displays-on-homepage-webkit-retry1/error-context.md]]

[[ATTACHMENT|test-results/main-GlobalOfficeFinder-E2-e28e3-p-view-displays-on-homepage-webkit-retry1/trace.zip]]
]]>
</system-out>
<error message="browserType.launch: Executable doesn&apos;t exist at /Users/lukaszozog/Library/Caches/ms-playwright/webkit-2272/pw_run.sh" type="Error">
<![CDATA[  [webkit] › main.spec.ts:107:3 › GlobalOfficeFinder E2E Tests › map view displays on homepage ─────

    Error: browserType.launch: Executable doesn't exist at /Users/lukaszozog/Library/Caches/ms-playwright/webkit-2272/pw_run.sh
    ╔════════════════════════════════════════════════════════════╗
    ║ Looks like Playwright was just installed or updated.       ║
    ║ Please run the following command to download new browsers: ║
    ║                                                            ║
    ║     npx playwright install                                 ║
    ║                                                            ║
    ║ <3 Playwright Team                                         ║
    ╚════════════════════════════════════════════════════════════╝

    Error Context: ../test-results/main-GlobalOfficeFinder-E2-e28e3-p-view-displays-on-homepage-webkit/error-context.md

    Retry #1 ───────────────────────────────────────────────────────────────────────────────────────

    Error: browserType.launch: Executable doesn't exist at /Users/lukaszozog/Library/Caches/ms-playwright/webkit-2272/pw_run.sh
    ╔════════════════════════════════════════════════════════════╗
    ║ Looks like Playwright was just installed or updated.       ║
    ║ Please run the following command to download new browsers: ║
    ║                                                            ║
    ║     npx playwright install                                 ║
    ║                                                            ║
    ║ <3 Playwright Team                                         ║
    ╚════════════════════════════════════════════════════════════╝

    Error Context: ../test-results/main-GlobalOfficeFinder-E2-e28e3-p-view-displays-on-homepage-webkit-retry1/error-context.md

    attachment #2: trace (application/zip) ─────────────────────────────────────────────────────────
    ../test-results/main-GlobalOfficeFinder-E2-e28e3-p-view-displays-on-homepage-webkit-retry1/trace.zip
    Usage:

        npx playwright show-trace ../test-results/main-GlobalOfficeFinder-E2-e28e3-p-view-displays-on-homepage-webkit-retry1/trace.zip

    ────────────────────────────────────────────────────────────────────────────────────────────────
]]>
</error>
</testcase>
<testcase name="GlobalOfficeFinder E2E Tests › responsive design - mobile viewport" classname="main.spec.ts" time="0.002">
<system-out>
<![CDATA[
[[ATTACHMENT|test-results/main-GlobalOfficeFinder-E2-2512c-ve-design---mobile-viewport-webkit/error-context.md]]

[[ATTACHMENT|test-results/main-GlobalOfficeFinder-E2-2512c-ve-design---mobile-viewport-webkit-retry1/error-context.md]]

[[ATTACHMENT|test-results/main-GlobalOfficeFinder-E2-2512c-ve-design---mobile-viewport-webkit-retry1/trace.zip]]
]]>
</system-out>
<error message="browserType.launch: Executable doesn&apos;t exist at /Users/lukaszozog/Library/Caches/ms-playwright/webkit-2272/pw_run.sh" type="Error">
<![CDATA[  [webkit] › main.spec.ts:124:3 › GlobalOfficeFinder E2E Tests › responsive design - mobile viewport 

    Error: browserType.launch: Executable doesn't exist at /Users/lukaszozog/Library/Caches/ms-playwright/webkit-2272/pw_run.sh
    ╔════════════════════════════════════════════════════════════╗
    ║ Looks like Playwright was just installed or updated.       ║
    ║ Please run the following command to download new browsers: ║
    ║                                                            ║
    ║     npx playwright install                                 ║
    ║                                                            ║
    ║ <3 Playwright Team                                         ║
    ╚════════════════════════════════════════════════════════════╝

    Error Context: ../test-results/main-GlobalOfficeFinder-E2-2512c-ve-design---mobile-viewport-webkit/error-context.md

    Retry #1 ───────────────────────────────────────────────────────────────────────────────────────

    Error: browserType.launch: Executable doesn't exist at /Users/lukaszozog/Library/Caches/ms-playwright/webkit-2272/pw_run.sh
    ╔════════════════════════════════════════════════════════════╗
    ║ Looks like Playwright was just installed or updated.       ║
    ║ Please run the following command to download new browsers: ║
    ║                                                            ║
    ║     npx playwright install                                 ║
    ║                                                            ║
    ║ <3 Playwright Team                                         ║
    ╚════════════════════════════════════════════════════════════╝

    Error Context: ../test-results/main-GlobalOfficeFinder-E2-2512c-ve-design---mobile-viewport-webkit-retry1/error-context.md

    attachment #2: trace (application/zip) ─────────────────────────────────────────────────────────
    ../test-results/main-GlobalOfficeFinder-E2-2512c-ve-design---mobile-viewport-webkit-retry1/trace.zip
    Usage:

        npx playwright show-trace ../test-results/main-GlobalOfficeFinder-E2-2512c-ve-design---mobile-viewport-webkit-retry1/trace.zip

    ────────────────────────────────────────────────────────────────────────────────────────────────
]]>
</error>
</testcase>
<testcase name="GlobalOfficeFinder E2E Tests › responsive design - tablet viewport" classname="main.spec.ts" time="0.004">
<system-out>
<![CDATA[
[[ATTACHMENT|test-results/main-GlobalOfficeFinder-E2-38352-ve-design---tablet-viewport-webkit/error-context.md]]

[[ATTACHMENT|test-results/main-GlobalOfficeFinder-E2-38352-ve-design---tablet-viewport-webkit-retry1/error-context.md]]

[[ATTACHMENT|test-results/main-GlobalOfficeFinder-E2-38352-ve-design---tablet-viewport-webkit-retry1/trace.zip]]
]]>
</system-out>
<error message="browserType.launch: Executable doesn&apos;t exist at /Users/lukaszozog/Library/Caches/ms-playwright/webkit-2272/pw_run.sh" type="Error">
<![CDATA[  [webkit] › main.spec.ts:140:3 › GlobalOfficeFinder E2E Tests › responsive design - tablet viewport 

    Error: browserType.launch: Executable doesn't exist at /Users/lukaszozog/Library/Caches/ms-playwright/webkit-2272/pw_run.sh
    ╔════════════════════════════════════════════════════════════╗
    ║ Looks like Playwright was just installed or updated.       ║
    ║ Please run the following command to download new browsers: ║
    ║                                                            ║
    ║     npx playwright install                                 ║
    ║                                                            ║
    ║ <3 Playwright Team                                         ║
    ╚════════════════════════════════════════════════════════════╝

    Error Context: ../test-results/main-GlobalOfficeFinder-E2-38352-ve-design---tablet-viewport-webkit/error-context.md

    Retry #1 ───────────────────────────────────────────────────────────────────────────────────────

    Error: browserType.launch: Executable doesn't exist at /Users/lukaszozog/Library/Caches/ms-playwright/webkit-2272/pw_run.sh
    ╔════════════════════════════════════════════════════════════╗
    ║ Looks like Playwright was just installed or updated.       ║
    ║ Please run the following command to download new browsers: ║
    ║                                                            ║
    ║     npx playwright install                                 ║
    ║                                                            ║
    ║ <3 Playwright Team                                         ║
    ╚════════════════════════════════════════════════════════════╝

    Error Context: ../test-results/main-GlobalOfficeFinder-E2-38352-ve-design---tablet-viewport-webkit-retry1/error-context.md

    attachment #2: trace (application/zip) ─────────────────────────────────────────────────────────
    ../test-results/main-GlobalOfficeFinder-E2-38352-ve-design---tablet-viewport-webkit-retry1/trace.zip
    Usage:

        npx playwright show-trace ../test-results/main-GlobalOfficeFinder-E2-38352-ve-design---tablet-viewport-webkit-retry1/trace.zip

    ────────────────────────────────────────────────────────────────────────────────────────────────
]]>
</error>
</testcase>
<testcase name="GlobalOfficeFinder E2E Tests › search clears and resets" classname="main.spec.ts" time="0.002">
<system-out>
<![CDATA[
[[ATTACHMENT|test-results/main-GlobalOfficeFinder-E2E-Tests-search-clears-and-resets-webkit/error-context.md]]

[[ATTACHMENT|test-results/main-GlobalOfficeFinder-E2E-Tests-search-clears-and-resets-webkit-retry1/error-context.md]]

[[ATTACHMENT|test-results/main-GlobalOfficeFinder-E2E-Tests-search-clears-and-resets-webkit-retry1/trace.zip]]
]]>
</system-out>
<error message="browserType.launch: Executable doesn&apos;t exist at /Users/lukaszozog/Library/Caches/ms-playwright/webkit-2272/pw_run.sh" type="Error">
<![CDATA[  [webkit] › main.spec.ts:152:3 › GlobalOfficeFinder E2E Tests › search clears and resets ──────────

    Error: browserType.launch: Executable doesn't exist at /Users/lukaszozog/Library/Caches/ms-playwright/webkit-2272/pw_run.sh
    ╔════════════════════════════════════════════════════════════╗
    ║ Looks like Playwright was just installed or updated.       ║
    ║ Please run the following command to download new browsers: ║
    ║                                                            ║
    ║     npx playwright install                                 ║
    ║                                                            ║
    ║ <3 Playwright Team                                         ║
    ╚════════════════════════════════════════════════════════════╝

    Error Context: ../test-results/main-GlobalOfficeFinder-E2E-Tests-search-clears-and-resets-webkit/error-context.md

    Retry #1 ───────────────────────────────────────────────────────────────────────────────────────

    Error: browserType.launch: Executable doesn't exist at /Users/lukaszozog/Library/Caches/ms-playwright/webkit-2272/pw_run.sh
    ╔════════════════════════════════════════════════════════════╗
    ║ Looks like Playwright was just installed or updated.       ║
    ║ Please run the following command to download new browsers: ║
    ║                                                            ║
    ║     npx playwright install                                 ║
    ║                                                            ║
    ║ <3 Playwright Team                                         ║
    ╚════════════════════════════════════════════════════════════╝

    Error Context: ../test-results/main-GlobalOfficeFinder-E2E-Tests-search-clears-and-resets-webkit-retry1/error-context.md

    attachment #2: trace (application/zip) ─────────────────────────────────────────────────────────
    ../test-results/main-GlobalOfficeFinder-E2E-Tests-search-clears-and-resets-webkit-retry1/trace.zip
    Usage:

        npx playwright show-trace ../test-results/main-GlobalOfficeFinder-E2E-Tests-search-clears-and-resets-webkit-retry1/trace.zip

    ────────────────────────────────────────────────────────────────────────────────────────────────
]]>
</error>
</testcase>
<testcase name="GlobalOfficeFinder E2E Tests › can navigate between pages using breadcrumbs or back" classname="main.spec.ts" time="0.002">
<system-out>
<![CDATA[
[[ATTACHMENT|test-results/main-GlobalOfficeFinder-E2-cb505-s-using-breadcrumbs-or-back-webkit/error-context.md]]

[[ATTACHMENT|test-results/main-GlobalOfficeFinder-E2-cb505-s-using-breadcrumbs-or-back-webkit-retry1/error-context.md]]

[[ATTACHMENT|test-results/main-GlobalOfficeFinder-E2-cb505-s-using-breadcrumbs-or-back-webkit-retry1/trace.zip]]
]]>
</system-out>
<error message="browserType.launch: Executable doesn&apos;t exist at /Users/lukaszozog/Library/Caches/ms-playwright/webkit-2272/pw_run.sh" type="Error">
<![CDATA[  [webkit] › main.spec.ts:168:3 › GlobalOfficeFinder E2E Tests › can navigate between pages using breadcrumbs or back 

    Error: browserType.launch: Executable doesn't exist at /Users/lukaszozog/Library/Caches/ms-playwright/webkit-2272/pw_run.sh
    ╔════════════════════════════════════════════════════════════╗
    ║ Looks like Playwright was just installed or updated.       ║
    ║ Please run the following command to download new browsers: ║
    ║                                                            ║
    ║     npx playwright install                                 ║
    ║                                                            ║
    ║ <3 Playwright Team                                         ║
    ╚════════════════════════════════════════════════════════════╝

    Error Context: ../test-results/main-GlobalOfficeFinder-E2-cb505-s-using-breadcrumbs-or-back-webkit/error-context.md

    Retry #1 ───────────────────────────────────────────────────────────────────────────────────────

    Error: browserType.launch: Executable doesn't exist at /Users/lukaszozog/Library/Caches/ms-playwright/webkit-2272/pw_run.sh
    ╔════════════════════════════════════════════════════════════╗
    ║ Looks like Playwright was just installed or updated.       ║
    ║ Please run the following command to download new browsers: ║
    ║                                                            ║
    ║     npx playwright install                                 ║
    ║                                                            ║
    ║ <3 Playwright Team                                         ║
    ╚════════════════════════════════════════════════════════════╝

    Error Context: ../test-results/main-GlobalOfficeFinder-E2-cb505-s-using-breadcrumbs-or-back-webkit-retry1/error-context.md

    attachment #2: trace (application/zip) ─────────────────────────────────────────────────────────
    ../test-results/main-GlobalOfficeFinder-E2-cb505-s-using-breadcrumbs-or-back-webkit-retry1/trace.zip
    Usage:

        npx playwright show-trace ../test-results/main-GlobalOfficeFinder-E2-cb505-s-using-breadcrumbs-or-back-webkit-retry1/trace.zip

    ────────────────────────────────────────────────────────────────────────────────────────────────
]]>
</error>
</testcase>
[...]
    ╔════════════════════════════════════════════════════════════╗
    ║ Looks like Playwright was just installed or updated.       ║
    ║ Please run the following command to download new browsers: ║
    ║                                                            ║
    ║     npx playwright install                                 ║
    ║                                                            ║
    ║ <3 Playwright Team                                         ║
    ╚════════════════════════════════════════════════════════════╝

    Error Context: ../test-results/main-GlobalOfficeFinder-E2-38352-ve-design---tablet-viewport-mobile-safari/error-context.md

    Retry #1 ───────────────────────────────────────────────────────────────────────────────────────

    Error: browserType.launch: Executable doesn't exist at /Users/lukaszozog/Library/Caches/ms-playwright/webkit-2272/pw_run.sh
    ╔════════════════════════════════════════════════════════════╗
    ║ Looks like Playwright was just installed or updated.       ║
    ║ Please run the following command to download new browsers: ║
    ║                                                            ║
    ║     npx playwright install                                 ║
    ║                                                            ║
    ║ <3 Playwright Team                                         ║
    ╚════════════════════════════════════════════════════════════╝

    Error Context: ../test-results/main-GlobalOfficeFinder-E2-38352-ve-design---tablet-viewport-mobile-safari-retry1/error-context.md

    attachment #2: trace (application/zip) ─────────────────────────────────────────────────────────
    ../test-results/main-GlobalOfficeFinder-E2-38352-ve-design---tablet-viewport-mobile-safari-retry1/trace.zip
    Usage:

        npx playwright show-trace ../test-results/main-GlobalOfficeFinder-E2-38352-ve-design---tablet-viewport-mobile-safari-retry1/trace.zip

    ────────────────────────────────────────────────────────────────────────────────────────────────
]]>
</error>
</testcase>
<testcase name="GlobalOfficeFinder E2E Tests › search clears and resets" classname="main.spec.ts" time="0.002">
<system-out>
<![CDATA[
[[ATTACHMENT|test-results/main-GlobalOfficeFinder-E2E-Tests-search-clears-and-resets-mobile-safari/error-context.md]]

[[ATTACHMENT|test-results/main-GlobalOfficeFinder-E2E-Tests-search-clears-and-resets-mobile-safari-retry1/error-context.md]]

[[ATTACHMENT|test-results/main-GlobalOfficeFinder-E2E-Tests-search-clears-and-resets-mobile-safari-retry1/trace.zip]]
]]>
</system-out>
<error message="browserType.launch: Executable doesn&apos;t exist at /Users/lukaszozog/Library/Caches/ms-playwright/webkit-2272/pw_run.sh" type="Error">
<![CDATA[  [mobile-safari] › main.spec.ts:152:3 › GlobalOfficeFinder E2E Tests › search clears and resets ───

    Error: browserType.launch: Executable doesn't exist at /Users/lukaszozog/Library/Caches/ms-playwright/webkit-2272/pw_run.sh
    ╔════════════════════════════════════════════════════════════╗
    ║ Looks like Playwright was just installed or updated.       ║
    ║ Please run the following command to download new browsers: ║
    ║                                                            ║
    ║     npx playwright install                                 ║
    ║                                                            ║
    ║ <3 Playwright Team                                         ║
    ╚════════════════════════════════════════════════════════════╝

    Error Context: ../test-results/main-GlobalOfficeFinder-E2E-Tests-search-clears-and-resets-mobile-safari/error-context.md

    Retry #1 ───────────────────────────────────────────────────────────────────────────────────────

    Error: browserType.launch: Executable doesn't exist at /Users/lukaszozog/Library/Caches/ms-playwright/webkit-2272/pw_run.sh
    ╔════════════════════════════════════════════════════════════╗
    ║ Looks like Playwright was just installed or updated.       ║
    ║ Please run the following command to download new browsers: ║
    ║                                                            ║
    ║     npx playwright install                                 ║
    ║                                                            ║
    ║ <3 Playwright Team                                         ║
    ╚════════════════════════════════════════════════════════════╝

    Error Context: ../test-results/main-GlobalOfficeFinder-E2E-Tests-search-clears-and-resets-mobile-safari-retry1/error-context.md

    attachment #2: trace (application/zip) ─────────────────────────────────────────────────────────
    ../test-results/main-GlobalOfficeFinder-E2E-Tests-search-clears-and-resets-mobile-safari-retry1/trace.zip
    Usage:

        npx playwright show-trace ../test-results/main-GlobalOfficeFinder-E2E-Tests-search-clears-and-resets-mobile-safari-retry1/trace.zip

    ────────────────────────────────────────────────────────────────────────────────────────────────
]]>
</error>
</testcase>
<testcase name="GlobalOfficeFinder E2E Tests › can navigate between pages using breadcrumbs or back" classname="main.spec.ts" time="0.002">
<system-out>
<![CDATA[
[[ATTACHMENT|test-results/main-GlobalOfficeFinder-E2-cb505-s-using-breadcrumbs-or-back-mobile-safari/error-context.md]]

[[ATTACHMENT|test-results/main-GlobalOfficeFinder-E2-cb505-s-using-breadcrumbs-or-back-mobile-safari-retry1/error-context.md]]

[[ATTACHMENT|test-results/main-GlobalOfficeFinder-E2-cb505-s-using-breadcrumbs-or-back-mobile-safari-retry1/trace.zip]]
]]>
</system-out>
<error message="browserType.launch: Executable doesn&apos;t exist at /Users/lukaszozog/Library/Caches/ms-playwright/webkit-2272/pw_run.sh" type="Error">
<![CDATA[  [mobile-safari] › main.spec.ts:168:3 › GlobalOfficeFinder E2E Tests › can navigate between pages using breadcrumbs or back 

    Error: browserType.launch: Executable doesn't exist at /Users/lukaszozog/Library/Caches/ms-playwright/webkit-2272/pw_run.sh
    ╔════════════════════════════════════════════════════════════╗
    ║ Looks like Playwright was just installed or updated.       ║
    ║ Please run the following command to download new browsers: ║
    ║                                                            ║
    ║     npx playwright install                                 ║
    ║                                                            ║
    ║ <3 Playwright Team                                         ║
    ╚════════════════════════════════════════════════════════════╝

    Error Context: ../test-results/main-GlobalOfficeFinder-E2-cb505-s-using-breadcrumbs-or-back-mobile-safari/error-context.md

    Retry #1 ───────────────────────────────────────────────────────────────────────────────────────

    Error: browserType.launch: Executable doesn't exist at /Users/lukaszozog/Library/Caches/ms-playwright/webkit-2272/pw_run.sh
    ╔════════════════════════════════════════════════════════════╗
    ║ Looks like Playwright was just installed or updated.       ║
    ║ Please run the following command to download new browsers: ║
    ║                                                            ║
    ║     npx playwright install                                 ║
    ║                                                            ║
    ║ <3 Playwright Team                                         ║
    ╚════════════════════════════════════════════════════════════╝

    Error Context: ../test-results/main-GlobalOfficeFinder-E2-cb505-s-using-breadcrumbs-or-back-mobile-safari-retry1/error-context.md

    attachment #2: trace (application/zip) ─────────────────────────────────────────────────────────
    ../test-results/main-GlobalOfficeFinder-E2-cb505-s-using-breadcrumbs-or-back-mobile-safari-retry1/trace.zip
    Usage:

        npx playwright show-trace ../test-results/main-GlobalOfficeFinder-E2-cb505-s-using-breadcrumbs-or-back-mobile-safari-retry1/trace.zip

    ────────────────────────────────────────────────────────────────────────────────────────────────
]]>
</error>
</testcase>
<testcase name="Accessibility Tests › homepage has no accessibility violations" classname="main.spec.ts" time="0.002">
<system-out>
<![CDATA[
[[ATTACHMENT|test-results/main-Accessibility-Tests-h-64b05-no-accessibility-violations-mobile-safari/error-context.md]]

[[ATTACHMENT|test-results/main-Accessibility-Tests-h-64b05-no-accessibility-violations-mobile-safari-retry1/error-context.md]]

[[ATTACHMENT|test-results/main-Accessibility-Tests-h-64b05-no-accessibility-violations-mobile-safari-retry1/trace.zip]]
]]>
</system-out>
<error message="browserType.launch: Executable doesn&apos;t exist at /Users/lukaszozog/Library/Caches/ms-playwright/webkit-2272/pw_run.sh" type="Error">
<![CDATA[  [mobile-safari] › main.spec.ts:197:3 › Accessibility Tests › homepage has no accessibility violations 

    Error: browserType.launch: Executable doesn't exist at /Users/lukaszozog/Library/Caches/ms-playwright/webkit-2272/pw_run.sh
    ╔════════════════════════════════════════════════════════════╗
    ║ Looks like Playwright was just installed or updated.       ║
    ║ Please run the following command to download new browsers: ║
    ║                                                            ║
    ║     npx playwright install                                 ║
    ║                                                            ║
    ║ <3 Playwright Team                                         ║
    ╚════════════════════════════════════════════════════════════╝

    Error Context: ../test-results/main-Accessibility-Tests-h-64b05-no-accessibility-violations-mobile-safari/error-context.md

    Retry #1 ───────────────────────────────────────────────────────────────────────────────────────

    Error: browserType.launch: Executable doesn't exist at /Users/lukaszozog/Library/Caches/ms-playwright/webkit-2272/pw_run.sh
    ╔════════════════════════════════════════════════════════════╗
    ║ Looks like Playwright was just installed or updated.       ║
    ║ Please run the following command to download new browsers: ║
    ║                                                            ║
    ║     npx playwright install                                 ║
    ║                                                            ║
    ║ <3 Playwright Team                                         ║
    ╚════════════════════════════════════════════════════════════╝

    Error Context: ../test-results/main-Accessibility-Tests-h-64b05-no-accessibility-violations-mobile-safari-retry1/error-context.md

    attachment #2: trace (application/zip) ─────────────────────────────────────────────────────────
    ../test-results/main-Accessibility-Tests-h-64b05-no-accessibility-violations-mobile-safari-retry1/trace.zip
    Usage:

        npx playwright show-trace ../test-results/main-Accessibility-Tests-h-64b05-no-accessibility-violations-mobile-safari-retry1/trace.zip

    ────────────────────────────────────────────────────────────────────────────────────────────────
]]>
</error>
</testcase>
<testcase name="Accessibility Tests › homepage is keyboard navigable" classname="main.spec.ts" time="0.002">
<system-out>
<![CDATA[
[[ATTACHMENT|test-results/main-Accessibility-Tests-homepage-is-keyboard-navigable-mobile-safari/error-context.md]]

[[ATTACHMENT|test-results/main-Accessibility-Tests-homepage-is-keyboard-navigable-mobile-safari-retry1/error-context.md]]

[[ATTACHMENT|test-results/main-Accessibility-Tests-homepage-is-keyboard-navigable-mobile-safari-retry1/trace.zip]]
]]>
</system-out>
<error message="browserType.launch: Executable doesn&apos;t exist at /Users/lukaszozog/Library/Caches/ms-playwright/webkit-2272/pw_run.sh" type="Error">
<![CDATA[  [mobile-safari] › main.spec.ts:212:3 › Accessibility Tests › homepage is keyboard navigable ──────

    Error: browserType.launch: Executable doesn't exist at /Users/lukaszozog/Library/Caches/ms-playwright/webkit-2272/pw_run.sh
    ╔════════════════════════════════════════════════════════════╗
    ║ Looks like Playwright was just installed or updated.       ║
    ║ Please run the following command to download new browsers: ║
    ║                                                            ║
    ║     npx playwright install                                 ║
    ║                                                            ║
    ║ <3 Playwright Team                                         ║
    ╚════════════════════════════════════════════════════════════╝

    Error Context: ../test-results/main-Accessibility-Tests-homepage-is-keyboard-navigable-mobile-safari/error-context.md

    Retry #1 ───────────────────────────────────────────────────────────────────────────────────────

    Error: browserType.launch: Executable doesn't exist at /Users/lukaszozog/Library/Caches/ms-playwright/webkit-2272/pw_run.sh
    ╔════════════════════════════════════════════════════════════╗
    ║ Looks like Playwright was just installed or updated.       ║
    ║ Please run the following command to download new browsers: ║
    ║                                                            ║
    ║     npx playwright install                                 ║
    ║                                                            ║
    ║ <3 Playwright Team                                         ║
    ╚════════════════════════════════════════════════════════════╝

    Error Context: ../test-results/main-Accessibility-Tests-homepage-is-keyboard-navigable-mobile-safari-retry1/error-context.md

    attachment #2: trace (application/zip) ─────────────────────────────────────────────────────────
    ../test-results/main-Accessibility-Tests-homepage-is-keyboard-navigable-mobile-safari-retry1/trace.zip
    Usage:

        npx playwright show-trace ../test-results/main-Accessibility-Tests-homepage-is-keyboard-navigable-mobile-safari-retry1/trace.zip

    ────────────────────────────────────────────────────────────────────────────────────────────────
]]>
</error>
</testcase>
<testcase name="Accessibility Tests › all links have accessible names" classname="main.spec.ts" time="0.002">
<system-out>
<![CDATA[
[[ATTACHMENT|test-results/main-Accessibility-Tests-all-links-have-accessible-names-mobile-safari/error-context.md]]

[[ATTACHMENT|test-results/main-Accessibility-Tests-all-links-have-accessible-names-mobile-safari-retry1/error-context.md]]

[[ATTACHMENT|test-results/main-Accessibility-Tests-all-links-have-accessible-names-mobile-safari-retry1/trace.zip]]
]]>
</system-out>
<error message="browserType.launch: Executable doesn&apos;t exist at /Users/lukaszozog/Library/Caches/ms-playwright/webkit-2272/pw_run.sh" type="Error">
<![CDATA[  [mobile-safari] › main.spec.ts:223:3 › Accessibility Tests › all links have accessible names ─────

    Error: browserType.launch: Executable doesn't exist at /Users/lukaszozog/Library/Caches/ms-playwright/webkit-2272/pw_run.sh
    ╔════════════════════════════════════════════════════════════╗
    ║ Looks like Playwright was just installed or updated.       ║
    ║ Please run the following command to download new browsers: ║
    ║                                                            ║
    ║     npx playwright install                                 ║
    ║                                                            ║
    ║ <3 Playwright Team                                         ║
    ╚════════════════════════════════════════════════════════════╝

    Error Context: ../test-results/main-Accessibility-Tests-all-links-have-accessible-names-mobile-safari/error-context.md

    Retry #1 ───────────────────────────────────────────────────────────────────────────────────────

    Error: browserType.launch: Executable doesn't exist at /Users/lukaszozog/Library/Caches/ms-playwright/webkit-2272/pw_run.sh
    ╔════════════════════════════════════════════════════════════╗
    ║ Looks like Playwright was just installed or updated.       ║
    ║ Please run the following command to download new browsers: ║
    ║                                                            ║
    ║     npx playwright install                                 ║
    ║                                                            ║
    ║ <3 Playwright Team                                         ║
    ╚════════════════════════════════════════════════════════════╝

    Error Context: ../test-results/main-Accessibility-Tests-all-links-have-accessible-names-mobile-safari-retry1/error-context.md

    attachment #2: trace (application/zip) ─────────────────────────────────────────────────────────
    ../test-results/main-Accessibility-Tests-all-links-have-accessible-names-mobile-safari-retry1/trace.zip
    Usage:

        npx playwright show-trace ../test-results/main-Accessibility-Tests-all-links-have-accessible-names-mobile-safari-retry1/trace.zip

    ────────────────────────────────────────────────────────────────────────────────────────────────
]]>
</error>
</testcase>
<testcase name="Accessibility Tests › form inputs have associated labels" classname="main.spec.ts" time="0.002">
<system-out>
<![CDATA[
[[ATTACHMENT|test-results/main-Accessibility-Tests-form-inputs-have-associated-labels-mobile-safari/error-context.md]]

[[ATTACHMENT|test-results/main-Accessibility-Tests-form-inputs-have-associated-labels-mobile-safari-retry1/error-context.md]]

[[ATTACHMENT|test-results/main-Accessibility-Tests-form-inputs-have-associated-labels-mobile-safari-retry1/trace.zip]]
]]>
</system-out>
<error message="browserType.launch: Executable doesn&apos;t exist at /Users/lukaszozog/Library/Caches/ms-playwright/webkit-2272/pw_run.sh" type="Error">
<![CDATA[  [mobile-safari] › main.spec.ts:242:3 › Accessibility Tests › form inputs have associated labels ──

    Error: browserType.launch: Executable doesn't exist at /Users/lukaszozog/Library/Caches/ms-playwright/webkit-2272/pw_run.sh
    ╔════════════════════════════════════════════════════════════╗
    ║ Looks like Playwright was just installed or updated.       ║
    ║ Please run the following command to download new browsers: ║
    ║                                                            ║
    ║     npx playwright install                                 ║
    ║                                                            ║
    ║ <3 Playwright Team                                         ║
    ╚════════════════════════════════════════════════════════════╝

    Error Context: ../test-results/main-Accessibility-Tests-form-inputs-have-associated-labels-mobile-safari/error-context.md

    Retry #1 ───────────────────────────────────────────────────────────────────────────────────────

    Error: browserType.launch: Executable doesn't exist at /Users/lukaszozog/Library/Caches/ms-playwright/webkit-2272/pw_run.sh
    ╔════════════════════════════════════════════════════════════╗
    ║ Looks like Playwright was just installed or updated.       ║
    ║ Please run the following command to download new browsers: ║
    ║                                                            ║
    ║     npx playwright install                                 ║
    ║                                                            ║
    ║ <3 Playwright Team                                         ║
    ╚════════════════════════════════════════════════════════════╝

    Error Context: ../test-results/main-Accessibility-Tests-form-inputs-have-associated-labels-mobile-safari-retry1/error-context.md

    attachment #2: trace (application/zip) ─────────────────────────────────────────────────────────
    ../test-results/main-Accessibility-Tests-form-inputs-have-associated-labels-mobile-safari-retry1/trace.zip
    Usage:

        npx playwright show-trace ../test-results/main-Accessibility-Tests-form-inputs-have-associated-labels-mobile-safari-retry1/trace.zip

    ────────────────────────────────────────────────────────────────────────────────────────────────
]]>
</error>
</testcase>
</testsuite>
</testsuites>